2025-11-19 16:31:57,437 [INFO] Activator:176 - 


2025-11-19 16:31:57,440 [INFO] Activator:177 - !SESSION log4j initialized
2025-11-19 16:32:00,886 [INFO] LogOutputStream:77 - [STDOUT_REDIRECT] 
2025-11-19 16:32:01,380 [INFO] ApplicationProperties:184 - Using Application install path: /opt/stm32cubeide/plugins/com.st.stm32cube.common.mx_6.15.0.202507011659
2025-11-19 16:32:01,394 [INFO] DbMcusXml:78 - Set database path to: /opt/stm32cubeide/plugins/com.st.stm32cube.common.mx_6.15.0.202507011659//db//mcu/
2025-11-19 16:32:01,394 [INFO] ApiDb:274 - Set plugin database path to: /opt/stm32cubeide/plugins/com.st.stm32cube.common.mx_6.15.0.202507011659//db//plugins/boardmanager/
2025-11-19 16:32:01,394 [WARN] ApiDb:259 - Overriding images path with different value:  => /opt/stm32cubeide/plugins/com.st.stm32cube.common.mx_6.15.0.202507011659//db//plugins/mcufinder/images/
2025-11-19 16:32:01,398 [INFO] ApiDb:250 - Set database path to: /home/pegoku/.stmcufinder/plugins/mcufinder//mcu/
2025-11-19 16:32:01,399 [INFO] DbMcusAds:125 - Set database path to: /home/pegoku/.stmcufinder/plugins/mcufinder//mcu/
2025-11-19 16:32:01,401 [INFO] CrossReferenceDbSqlite:203 - Set database path to: /home/pegoku/.stmcufinder/plugins/mcufinder//mcu/cs/
2025-11-19 16:32:01,474 [INFO] RulesReader:64 - Compatibility file has been processed (317 Rules)
2025-11-19 16:32:01,516 [INFO] DbMcusXml:78 - Set database path to: /opt/stm32cubeide/plugins/com.st.stm32cube.common.mx_6.15.0.202507011659//db//mcu/
2025-11-19 16:32:01,516 [INFO] ApiDb:274 - Set plugin database path to: /opt/stm32cubeide/plugins/com.st.stm32cube.common.mx_6.15.0.202507011659//db//plugins/boardmanager/
2025-11-19 16:32:01,516 [INFO] ApiDb:261 - Set plugin images path to: /opt/stm32cubeide/plugins/com.st.stm32cube.common.mx_6.15.0.202507011659//db//plugins/mcufinder/images/
2025-11-19 16:32:01,517 [WARN] DbFile:41 - Overriding database path with different value: /home/pegoku/.stmcufinder/plugins/mcufinder/ => /home/pegoku/.stmcufinder/plugins/mcufinder
2025-11-19 16:32:01,517 [INFO] ApiDb:250 - Set database path to: /home/pegoku/.stmcufinder/plugins/mcufinder//mcu/
2025-11-19 16:32:01,517 [WARN] DbFile:41 - Overriding database path with different value: /home/pegoku/.stmcufinder/plugins/mcufinder/ => /home/pegoku/.stmcufinder/plugins/mcufinder
2025-11-19 16:32:01,517 [INFO] DbMcusAds:125 - Set database path to: /home/pegoku/.stmcufinder/plugins/mcufinder//mcu/
2025-11-19 16:32:01,517 [WARN] DbFile:41 - Overriding database path with different value: /home/pegoku/.stmcufinder/plugins/mcufinder/ => /home/pegoku/.stmcufinder/plugins/mcufinder
2025-11-19 16:32:01,517 [WARN] DbFile:41 - Overriding database path with different value: /home/pegoku/.stmcufinder/plugins/mcufinder/ => /home/pegoku/.stmcufinder/plugins/mcufinder
2025-11-19 16:32:01,517 [INFO] CrossReferenceDbSqlite:203 - Set database path to: /home/pegoku/.stmcufinder/plugins/mcufinder//mcu/cs/
2025-11-19 16:32:01,569 [INFO] MainPanel:274 - HeapMemory: 268435456
2025-11-19 16:32:01,659 [INFO] DbMcusXml:78 - Set database path to: /opt/stm32cubeide/plugins/com.st.stm32cube.common.mx_6.15.0.202507011659//db//mcu/
2025-11-19 16:32:01,659 [INFO] ApiDb:274 - Set plugin database path to: /opt/stm32cubeide/plugins/com.st.stm32cube.common.mx_6.15.0.202507011659//db//plugins/boardmanager/
2025-11-19 16:32:01,659 [INFO] ApiDb:261 - Set plugin images path to: /opt/stm32cubeide/plugins/com.st.stm32cube.common.mx_6.15.0.202507011659//db//plugins/mcufinder/images/
2025-11-19 16:32:01,659 [WARN] DbFile:41 - Overriding database path with different value: /home/pegoku/.stmcufinder/plugins/mcufinder/ => /home/pegoku/.stmcufinder/plugins/mcufinder
2025-11-19 16:32:01,659 [INFO] ApiDb:250 - Set database path to: /home/pegoku/.stmcufinder/plugins/mcufinder//mcu/
2025-11-19 16:32:01,659 [WARN] DbFile:41 - Overriding database path with different value: /home/pegoku/.stmcufinder/plugins/mcufinder/ => /home/pegoku/.stmcufinder/plugins/mcufinder
2025-11-19 16:32:01,660 [INFO] DbMcusAds:125 - Set database path to: /home/pegoku/.stmcufinder/plugins/mcufinder//mcu/
2025-11-19 16:32:01,660 [WARN] DbFile:41 - Overriding database path with different value: /home/pegoku/.stmcufinder/plugins/mcufinder/ => /home/pegoku/.stmcufinder/plugins/mcufinder
2025-11-19 16:32:01,660 [WARN] DbFile:41 - Overriding database path with different value: /home/pegoku/.stmcufinder/plugins/mcufinder/ => /home/pegoku/.stmcufinder/plugins/mcufinder
2025-11-19 16:32:01,660 [INFO] CrossReferenceDbSqlite:203 - Set database path to: /home/pegoku/.stmcufinder/plugins/mcufinder//mcu/cs/
2025-11-19 16:32:01,669 [INFO] ApplicationProperties:184 - Using Application install path: /opt/stm32cubeide/plugins/com.st.stm32cube.common.mx_6.15.0.202507011659
2025-11-19 16:32:01,670 [INFO] PluginManage:196 - Search for loadable plugins [exclusion list=, ]
2025-11-19 16:32:01,671 [INFO] PluginManage:310 - Check plugin analytics
2025-11-19 16:32:01,773 [INFO] AnalyticsPlugin:253 - Accepted Software Licenses: 
2025-11-19 16:32:01,773 [INFO] AnalyticsPlugin:255 - Accepted CMSIS Pack Licenses: 
2025-11-19 16:32:01,773 [INFO] AnalyticsPlugin:257 - Accepted Firmware Licenses: 
2025-11-19 16:32:01,774 [INFO] PluginManage:359 - Loaded plugin analytics (category:tool,tabindex:-1)
2025-11-19 16:32:01,774 [INFO] PluginManage:310 - Check plugin cadmodel
2025-11-19 16:32:01,778 [INFO] CADModel:105 - Init CAD model plugin
2025-11-19 16:32:01,778 [INFO] PluginManage:359 - Loaded plugin cadmodel (category:power,tabindex:5)
2025-11-19 16:32:01,778 [INFO] PluginManage:310 - Check plugin clock
2025-11-19 16:32:01,784 [INFO] PluginManage:359 - Loaded plugin clock (category:base,tabindex:2)
2025-11-19 16:32:01,785 [INFO] PluginManage:310 - Check plugin ddr
2025-11-19 16:32:01,786 [INFO] PluginManage:359 - Loaded plugin ddr (category:tool,tabindex:6)
2025-11-19 16:32:01,786 [INFO] PluginManage:310 - Check plugin filemanager
2025-11-19 16:32:01,876 [INFO] PluginManage:359 - Loaded plugin filemanager (category:base,tabindex:10)
2025-11-19 16:32:01,877 [INFO] PluginManage:310 - Check plugin ipmanager
2025-11-19 16:32:01,880 [INFO] PluginManage:359 - Loaded plugin ipmanager (category:base,tabindex:5)
2025-11-19 16:32:01,880 [INFO] PluginManage:310 - Check plugin lpbam
2025-11-19 16:32:01,886 [INFO] PluginManage:359 - Loaded plugin lpbam (category:base,tabindex:0)
2025-11-19 16:32:01,886 [INFO] PluginManage:310 - Check plugin memorymap
2025-11-19 16:32:01,894 [INFO] PluginManage:359 - Loaded plugin memorymap (category:base,tabindex:4)
2025-11-19 16:32:01,894 [INFO] PluginManage:310 - Check plugin pinoutandconfiguration
2025-11-19 16:32:01,900 [INFO] PluginManage:359 - Loaded plugin pinoutandconfiguration (category:base,tabindex:1)
2025-11-19 16:32:01,900 [INFO] PluginManage:310 - Check plugin pinoutconfig
2025-11-19 16:32:01,958 [WARN] SupportedApi:132 - Cannot load RTOS API schema: s4s-elt-must-match.1: The content of 'definitions' must match (annotation?, (simpleType | complexType)?, (unique | key | keyref)*)). A problem was found starting at: attribute.
2025-11-19 16:32:02,036 [INFO] PluginManage:359 - Loaded plugin pinoutconfig (category:base,tabindex:0)
2025-11-19 16:32:02,036 [INFO] PluginManage:310 - Check plugin power
2025-11-19 16:32:02,043 [INFO] PluginManage:359 - Loaded plugin power (category:power,tabindex:4)
2025-11-19 16:32:02,043 [INFO] PluginManage:310 - Check plugin projectmanager
2025-11-19 16:32:02,054 [INFO] PluginManage:359 - Loaded plugin projectmanager (category:projectmanager,tabindex:4)
2025-11-19 16:32:02,054 [INFO] PluginManage:310 - Check plugin rif
2025-11-19 16:32:02,062 [INFO] PluginManage:359 - Loaded plugin rif (category:base,tabindex:3)
2025-11-19 16:32:02,062 [INFO] PluginManage:310 - Check plugin thirdparty
2025-11-19 16:32:02,142 [INFO] PluginManage:359 - Loaded plugin thirdparty (category:base,tabindex:-1)
2025-11-19 16:32:02,142 [WARN] IntegrityCheckThread:84 - waiting for thirdparty lock release [integrity check]
2025-11-19 16:32:02,142 [INFO] PluginManage:310 - Check plugin tools
2025-11-19 16:32:02,142 [INFO] IntegrityCheckThread:86 - entering critical section [integrity check]
2025-11-19 16:32:02,142 [INFO] ThirdPartyUpdaterWithRetryManager:70 - Updater plugin not ready yet. [1/15]
2025-11-19 16:32:02,144 [INFO] PluginManage:359 - Loaded plugin tools (category:base,tabindex:7)
2025-11-19 16:32:02,144 [INFO] PluginManage:310 - Check plugin tutovideos
2025-11-19 16:32:02,290 [INFO] PluginManage:359 - Loaded plugin tutovideos (category:base,tabindex:-1)
2025-11-19 16:32:02,290 [INFO] PluginManage:310 - Check plugin updater
2025-11-19 16:32:02,306 [INFO] PluginManage:359 - Loaded plugin updater (category:base,tabindex:12)
2025-11-19 16:32:02,307 [INFO] PluginManage:310 - Check plugin userauth
2025-11-19 16:32:02,309 [INFO] UserAuth:118 - Init User Auth plugin
2025-11-19 16:32:02,310 [INFO] PluginManage:359 - Loaded plugin userauth (category:base,tabindex:14)
2025-11-19 16:32:02,310 [INFO] PluginManage:283 - PluginManage : Loaded plugins [18]
2025-11-19 16:32:02,431 [INFO] PinOutPanel:1589 - setPackage(No Configuration,No Configuration)
2025-11-19 16:32:02,481 [INFO] CADModel:165 - CPN selected for project level
2025-11-19 16:32:02,481 [INFO] CADModel:114 - Register for checkConnection events
2025-11-19 16:32:02,492 [INFO] IPUIPlugin:80 - create IPUIPlugin
2025-11-19 16:32:02,492 [INFO] PluginManager:220 - loadIPPluginJar : add ddr_ctrl_phy
2025-11-19 16:32:02,493 [INFO] IPUIPlugin:80 - create IPUIPlugin
2025-11-19 16:32:02,494 [INFO] PluginManager:220 - loadIPPluginJar : add gfxmmu
2025-11-19 16:32:02,495 [INFO] IPUIPlugin:80 - create IPUIPlugin
2025-11-19 16:32:02,495 [INFO] PluginManager:220 - loadIPPluginJar : add hash
2025-11-19 16:32:02,496 [INFO] IPUIPlugin:80 - create IPUIPlugin
2025-11-19 16:32:02,496 [INFO] PluginManager:220 - loadIPPluginJar : add ltdc
2025-11-19 16:32:02,497 [INFO] IPUIPlugin:80 - create IPUIPlugin
2025-11-19 16:32:02,498 [INFO] PluginManager:220 - loadIPPluginJar : add dfsdm
2025-11-19 16:32:02,503 [INFO] IPUIPlugin:80 - create IPUIPlugin
2025-11-19 16:32:02,503 [INFO] PluginManager:220 - loadIPPluginJar : add adc
2025-11-19 16:32:02,505 [INFO] IPUIPlugin:80 - create IPUIPlugin
2025-11-19 16:32:02,505 [INFO] PluginManager:220 - loadIPPluginJar : add cryp
2025-11-19 16:32:02,506 [INFO] IPUIPlugin:80 - create IPUIPlugin
2025-11-19 16:32:02,506 [INFO] PluginManager:220 - loadIPPluginJar : add ts
2025-11-19 16:32:02,508 [INFO] IPUIPlugin:80 - create IPUIPlugin
2025-11-19 16:32:02,508 [INFO] PluginManager:220 - loadIPPluginJar : add i2s
2025-11-19 16:32:02,509 [INFO] IPUIPlugin:80 - create IPUIPlugin
2025-11-19 16:32:02,509 [INFO] PluginManager:220 - loadIPPluginJar : add lorawan
2025-11-19 16:32:02,510 [INFO] IPUIPlugin:80 - create IPUIPlugin
2025-11-19 16:32:02,510 [INFO] PluginManager:220 - loadIPPluginJar : add i3c
2025-11-19 16:32:02,512 [INFO] IPUIPlugin:80 - create IPUIPlugin
2025-11-19 16:32:02,513 [INFO] PluginManager:220 - loadIPPluginJar : add nvic
2025-11-19 16:32:02,515 [INFO] IPUIPlugin:80 - create IPUIPlugin
2025-11-19 16:32:02,515 [INFO] PluginManager:220 - loadIPPluginJar : add resmgrutility
2025-11-19 16:32:02,516 [INFO] IPUIPlugin:80 - create IPUIPlugin
2025-11-19 16:32:02,516 [INFO] PluginManager:220 - loadIPPluginJar : add genericplugin
2025-11-19 16:32:02,517 [INFO] IPUIPlugin:80 - create IPUIPlugin
2025-11-19 16:32:02,517 [INFO] PluginManager:220 - loadIPPluginJar : add quadspi
2025-11-19 16:32:02,518 [INFO] IPUIPlugin:80 - create IPUIPlugin
2025-11-19 16:32:02,518 [INFO] PluginManager:220 - loadIPPluginJar : add fatfs
2025-11-19 16:32:02,519 [INFO] IPUIPlugin:80 - create IPUIPlugin
2025-11-19 16:32:02,519 [INFO] PluginManager:220 - loadIPPluginJar : add dma3
2025-11-19 16:32:02,520 [INFO] IPUIPlugin:80 - create IPUIPlugin
2025-11-19 16:32:02,520 [INFO] PluginManager:220 - loadIPPluginJar : add opamp
2025-11-19 16:32:02,521 [INFO] IPUIPlugin:80 - create IPUIPlugin
2025-11-19 16:32:02,521 [INFO] PluginManager:220 - loadIPPluginJar : add comp
2025-11-19 16:32:02,522 [INFO] IPUIPlugin:80 - create IPUIPlugin
2025-11-19 16:32:02,522 [INFO] PluginManager:220 - loadIPPluginJar : add can
2025-11-19 16:32:02,523 [INFO] IPUIPlugin:80 - create IPUIPlugin
2025-11-19 16:32:02,523 [INFO] PluginManager:220 - loadIPPluginJar : add pdm2pcm
2025-11-19 16:32:02,526 [INFO] IPUIPlugin:80 - create IPUIPlugin
2025-11-19 16:32:02,526 [INFO] PluginManager:220 - loadIPPluginJar : add fmc
2025-11-19 16:32:02,528 [INFO] IPUIPlugin:80 - create IPUIPlugin
2025-11-19 16:32:02,528 [INFO] PluginManager:220 - loadIPPluginJar : add sai
2025-11-19 16:32:02,529 [INFO] IPUIPlugin:80 - create IPUIPlugin
2025-11-19 16:32:02,529 [INFO] PluginManager:220 - loadIPPluginJar : add openamp
2025-11-19 16:32:02,534 [INFO] IPUIPlugin:80 - create IPUIPlugin
2025-11-19 16:32:02,534 [INFO] PluginManager:220 - loadIPPluginJar : add mdma
2025-11-19 16:32:02,537 [INFO] IPUIPlugin:80 - create IPUIPlugin
2025-11-19 16:32:02,537 [INFO] PluginManager:220 - loadIPPluginJar : add gic
2025-11-19 16:32:02,540 [INFO] IPUIPlugin:80 - create IPUIPlugin
2025-11-19 16:32:02,540 [INFO] PluginManager:220 - loadIPPluginJar : add gpio
2025-11-19 16:32:02,541 [INFO] IPUIPlugin:80 - create IPUIPlugin
2025-11-19 16:32:02,541 [INFO] PluginManager:220 - loadIPPluginJar : add spi
2025-11-19 16:32:02,543 [INFO] IPUIPlugin:80 - create IPUIPlugin
2025-11-19 16:32:02,543 [INFO] PluginManager:220 - loadIPPluginJar : add touchsensing
2025-11-19 16:32:02,545 [INFO] IPUIPlugin:80 - create IPUIPlugin
2025-11-19 16:32:02,545 [INFO] PluginManager:220 - loadIPPluginJar : add gtzc
2025-11-19 16:32:02,548 [INFO] IPUIPlugin:80 - create IPUIPlugin
2025-11-19 16:32:02,549 [INFO] PluginManager:220 - loadIPPluginJar : add freertos
2025-11-19 16:32:02,550 [INFO] IPUIPlugin:80 - create IPUIPlugin
2025-11-19 16:32:02,550 [INFO] PluginManager:220 - loadIPPluginJar : add tim
2025-11-19 16:32:02,552 [INFO] IPUIPlugin:80 - create IPUIPlugin
2025-11-19 16:32:02,552 [INFO] PluginManager:220 - loadIPPluginJar : add ipddr
2025-11-19 16:32:02,556 [INFO] IPUIPlugin:80 - create IPUIPlugin
2025-11-19 16:32:02,557 [INFO] PluginManager:220 - loadIPPluginJar : add plateformsettings
2025-11-19 16:32:02,558 [INFO] IPUIPlugin:80 - create IPUIPlugin
2025-11-19 16:32:02,558 [INFO] PluginManager:220 - loadIPPluginJar : add extmemmanager
2025-11-19 16:32:02,559 [INFO] IPUIPlugin:80 - create IPUIPlugin
2025-11-19 16:32:02,559 [INFO] PluginManager:220 - loadIPPluginJar : add tracer_emb
2025-11-19 16:32:02,560 [INFO] IPUIPlugin:80 - create IPUIPlugin
2025-11-19 16:32:02,560 [INFO] PluginManager:220 - loadIPPluginJar : add usart
2025-11-19 16:32:02,562 [INFO] IPUIPlugin:80 - create IPUIPlugin
2025-11-19 16:32:02,562 [INFO] PluginManager:220 - loadIPPluginJar : add usbx
2025-11-19 16:32:02,567 [INFO] IPUIPlugin:80 - create IPUIPlugin
2025-11-19 16:32:02,567 [INFO] PluginManager:220 - loadIPPluginJar : add linkedlist
2025-11-19 16:32:02,568 [INFO] IPUIPlugin:80 - create IPUIPlugin
2025-11-19 16:32:02,568 [INFO] PluginManager:220 - loadIPPluginJar : add radio
2025-11-19 16:32:02,569 [INFO] IPUIPlugin:80 - create IPUIPlugin
2025-11-19 16:32:02,569 [INFO] PluginManager:220 - loadIPPluginJar : add aes
2025-11-19 16:32:02,570 [INFO] IPUIPlugin:80 - create IPUIPlugin
2025-11-19 16:32:02,570 [INFO] PluginManager:220 - loadIPPluginJar : add tsc
2025-11-19 16:32:02,573 [INFO] IPUIPlugin:80 - create IPUIPlugin
2025-11-19 16:32:02,573 [INFO] PluginManager:220 - loadIPPluginJar : add dma
2025-11-19 16:32:02,575 [INFO] IPUIPlugin:80 - create IPUIPlugin
2025-11-19 16:32:02,575 [INFO] PluginManager:220 - loadIPPluginJar : add i2c
2025-11-19 16:32:02,578 [INFO] IPUIPlugin:80 - create IPUIPlugin
2025-11-19 16:32:02,578 [INFO] PluginManager:220 - loadIPPluginJar : add stm32_wpan
2025-11-19 16:32:02,579 [INFO] IPUIPlugin:80 - create IPUIPlugin
2025-11-19 16:32:02,579 [INFO] PluginManager:220 - loadIPPluginJar : add ucpd
2025-11-19 16:32:02,670 [FATAL] Updater:351 - Updater called before beeing initialized
2025-11-19 16:32:02,687 [INFO] RulesReader:64 - Compatibility file has been processed (317 Rules)
2025-11-19 16:32:02,694 [INFO] RulesReader:64 - Compatibility file has been processed (317 Rules)
2025-11-19 16:32:02,699 [INFO] CADModel:165 - CPN selected for project level
2025-11-19 16:32:02,699 [INFO] CADModel:114 - Register for checkConnection events
2025-11-19 16:32:02,699 [FATAL] Updater:351 - Updater called before beeing initialized
2025-11-19 16:32:02,699 [ERROR] CADModel:125 - Updater not yet initialized, retry later 
2025-11-19 16:32:02,793 [FATAL] Updater:351 - Updater called before beeing initialized
2025-11-19 16:32:02,794 [INFO] CADModel:165 - CPN selected for project level
2025-11-19 16:32:02,794 [INFO] CADModel:114 - Register for checkConnection events
2025-11-19 16:32:02,794 [FATAL] Updater:351 - Updater called before beeing initialized
2025-11-19 16:32:02,795 [ERROR] CADModel:125 - Updater not yet initialized, retry later 
2025-11-19 16:32:02,797 [FATAL] Updater:351 - Updater called before beeing initialized
2025-11-19 16:32:02,873 [FATAL] Updater:351 - Updater called before beeing initialized
2025-11-19 16:32:02,876 [INFO] DbMcusAds:53 - JSON generation date=Mon Nov 10 11:43:01 CET 2025 (1762771381096)
2025-11-19 16:32:02,876 [FATAL] Updater:351 - Updater called before beeing initialized
2025-11-19 16:32:02,899 [WARN] DetailPanel:346 - Failed to get advertising image, set to default
2025-11-19 16:32:02,946 [FATAL] Updater:351 - Updater called before beeing initialized
2025-11-19 16:32:02,947 [FATAL] Updater:351 - Updater called before beeing initialized
2025-11-19 16:32:02,947 [FATAL] Updater:351 - Updater called before beeing initialized
2025-11-19 16:32:02,947 [WARN] DetailPanel:346 - Failed to get advertising image, set to default
2025-11-19 16:32:02,948 [FATAL] Updater:351 - Updater called before beeing initialized
2025-11-19 16:32:02,967 [ERROR] Updater:1198 - MainUpdater not yet initialized. External WinMGr cannot be set.
2025-11-19 16:32:02,968 [INFO] Updater:1134 - Updater Version found : 6.15.0
2025-11-19 16:32:02,980 [INFO] ApplicationProperties:184 - Using Application install path: /opt/stm32cubeide/plugins/com.st.stm32cube.common.mx_6.15.0.202507011659
2025-11-19 16:32:03,272 [INFO] MainUpdater:2872 - connection check result : 10
2025-11-19 16:32:03,273 [INFO] MainUpdater:289 - Updater Check For Update Now.
2025-11-19 16:32:03,273 [INFO] MicroXplorer:498 - Change Database Version : DB.6.0.150
2025-11-19 16:32:03,276 [INFO] McuFinderGlobals:63 - Set McuFinder mode to 2 (CubeIDE integrated)
2025-11-19 16:32:03,276 [INFO] UserAuth:487 - Internet connection configuration mode: 1
2025-11-19 16:32:03,291 [INFO] JxBrowserEngine:152 - Initiate JxBrowser Engine with user profile folder
2025-11-19 16:32:03,434 [INFO] CheckServerUpdateThread:120 - End of CheckServer Thread
2025-11-19 16:32:04,139 [INFO] WebApp:169 - Instantiating new browser for Auth
2025-11-19 16:32:04,682 [INFO] WebApp:463 - Apply proxy settings
2025-11-19 16:32:04,683 [INFO] WebApp:548 - Chromium requires no authentication
2025-11-19 16:32:04,690 [INFO] WebApp:491 - Direct internet connection detected
2025-11-19 16:32:04,702 [INFO] WebApp:900 - Register for checkConnection events
2025-11-19 16:32:04,702 [INFO] WebApp:463 - Apply proxy settings
2025-11-19 16:32:04,702 [INFO] WebApp:548 - Chromium requires no authentication
2025-11-19 16:32:04,702 [INFO] WebApp:491 - Direct internet connection detected
2025-11-19 16:32:04,803 [INFO] WebApp:225 - Starting web application
2025-11-19 16:32:04,804 [INFO] WebApp:593 - Web application path used /opt/stm32cubeide/plugins/com.st.stm32cube.common.mx_6.15.0.202507011659/db/plugins/mcufinder/reactClient1/index.html
2025-11-19 16:32:04,887 [INFO] UserAuth:487 - Internet connection configuration mode: 1
2025-11-19 16:32:05,218 [INFO] WebApp:191 - Connection restablished
2025-11-19 16:32:05,246 [WARN] PackLoader:240 - Cannot read IP mode file for STMicroelectronics.FP-SNS-MOTENVWB1.1.4.0
2025-11-19 16:32:05,251 [WARN] PackLoader:240 - Cannot read IP mode file for STMicroelectronics.FP-ATR-ASTRA1.2.0.2
2025-11-19 16:32:05,256 [WARN] PackLoader:240 - Cannot read IP mode file for STMicroelectronics.X-CUBE-SMBUS.2.1.0
2025-11-19 16:32:05,258 [WARN] PackLoader:240 - Cannot read IP mode file for STMicroelectronics.X-CUBE-ST60.1.0.0
2025-11-19 16:32:05,279 [WARN] PackLoader:240 - Cannot read IP mode file for STMicroelectronics.X-CUBE-AZRTOS-F7.1.1.0
2025-11-19 16:32:05,286 [WARN] PackLoader:240 - Cannot read IP mode file for STMicroelectronics.FP-SNS-MOTENV1.5.1.0
2025-11-19 16:32:05,302 [WARN] PackLoader:240 - Cannot read IP mode file for Infineon.AIROC-Wi-Fi-Bluetooth-STM32.1.7.0
2025-11-19 16:32:05,323 [WARN] PackLoader:240 - Cannot read IP mode file for STMicroelectronics.X-CUBE-AZRTOS-H7.3.4.0
2025-11-19 16:32:05,333 [WARN] PackLoader:240 - Cannot read IP mode file for STMicroelectronics.X-CUBE-DISPLAY.3.0.0
2025-11-19 16:32:05,341 [WARN] PackLoader:240 - Cannot read IP mode file for STMicroelectronics.X-CUBE-NFC10.1.0.0
2025-11-19 16:32:05,347 [WARN] PackLoader:240 - Cannot read IP mode file for STMicroelectronics.X-CUBE-BLEMGR.4.0.0
2025-11-19 16:32:05,352 [WARN] PackLoader:240 - Cannot read IP mode file for STMicroelectronics.X-CUBE-ST60.1.1.0
2025-11-19 16:32:05,365 [WARN] PackLoader:240 - Cannot read IP mode file for emotas.I-CUBE-CANOPEN.1.3.0
2025-11-19 16:32:05,370 [WARN] PackLoader:240 - Cannot read IP mode file for STMicroelectronics.X-CUBE-GNSS1.7.1.0
2025-11-19 16:32:05,373 [WARN] ConditionMgr:438 - getConditionDescription Invalid condition id : Cortex-A Device cause : null
2025-11-19 16:32:05,382 [WARN] ConditionMgr:1044 - genDependencies : Invalid condition id : Cortex-A Device cause : null
2025-11-19 16:32:05,382 [WARN] ConditionMgr:1044 - genDependencies : Invalid condition id : Cortex-A Device cause : null
2025-11-19 16:32:05,382 [WARN] ConditionMgr:1044 - genDependencies : Invalid condition id : Cortex-A Device cause : null
2025-11-19 16:32:05,386 [WARN] PackLoader:240 - Cannot read IP mode file for STMicroelectronics.FP-SNS-STBOX1.2.1.0
2025-11-19 16:32:05,390 [WARN] PackLoader:240 - Cannot read IP mode file for STMicroelectronics.FP-SNS-SMARTAG2.1.2.0
2025-11-19 16:32:05,392 [WARN] PackLoader:240 - Cannot read IP mode file for STMicroelectronics.FP-SNS-FLIGHT1.5.1.0
2025-11-19 16:32:05,398 [INFO] LogOutputStream:77 - [STDOUT_REDIRECT] 1 : Invalid condition id : UX_CORESTACK_Condition cause : null
2025-11-19 16:32:05,399 [INFO] LogOutputStream:77 - [STDOUT_REDIRECT] 1 : Invalid condition id : UX_CORESTACK_Condition cause : null
2025-11-19 16:32:05,399 [INFO] LogOutputStream:77 - [STDOUT_REDIRECT] 1 : Invalid condition id : UX_CORESTACK_Condition cause : null
2025-11-19 16:32:05,399 [INFO] LogOutputStream:77 - [STDOUT_REDIRECT] 1 : Invalid condition id : UX_CORESTACK_Condition cause : null
2025-11-19 16:32:05,399 [INFO] LogOutputStream:77 - [STDOUT_REDIRECT] 1 : Invalid condition id : UX_CORESTACK_Condition cause : null
2025-11-19 16:32:05,401 [WARN] PackLoader:240 - Cannot read IP mode file for STMicroelectronics.X-CUBE-AZRTOS-WL.2.0.0
2025-11-19 16:32:05,404 [WARN] PackLoader:240 - Cannot read IP mode file for STMicroelectronics.FP-SNS-MOTENV1.5.0.0
2025-11-19 16:32:05,409 [WARN] PackLoader:240 - Cannot read IP mode file for WES.I-CUBE-Cesium.1.3.0
2025-11-19 16:32:05,413 [WARN] PackLoader:240 - Cannot read IP mode file for STMicroelectronics.X-CUBE-BLE2.3.3.0
2025-11-19 16:32:05,424 [WARN] PackLoader:240 - Cannot read IP mode file for STMicroelectronics.X-CUBE-NFC9.1.0.0
2025-11-19 16:32:05,429 [WARN] PackLoader:240 - Cannot read IP mode file for wolfSSL.I-CUBE-wolfSSL.5.8.0
2025-11-19 16:32:05,432 [WARN] PackLoader:240 - Cannot read IP mode file for STMicroelectronics.X-CUBE-BLE1.7.1.0
2025-11-19 16:32:05,435 [WARN] PackLoader:240 - Cannot read IP mode file for wolfSSL.I-CUBE-wolfMQTT.1.19.2
2025-11-19 16:32:05,439 [WARN] PackLoader:240 - Cannot read IP mode file for STMicroelectronics.X-CUBE-EEPRMA1.5.2.0
2025-11-19 16:32:05,444 [WARN] PackLoader:240 - Cannot read IP mode file for STMicroelectronics.X-CUBE-ST67W61.1.1.0
2025-11-19 16:32:05,447 [WARN] PackLoader:240 - Cannot read IP mode file for STMicroelectronics.X-CUBE-AI.10.1.0
2025-11-19 16:32:05,456 [WARN] PackLoader:240 - Cannot read IP mode file for STMicroelectronics.X-CUBE-AZRTOS-G0.1.1.0
2025-11-19 16:32:05,462 [WARN] PackLoader:240 - Cannot read IP mode file for STMicroelectronics.X-CUBE-SAFEA1.1.2.2
2025-11-19 16:32:05,466 [WARN] PackLoader:240 - Cannot read IP mode file for STMicroelectronics.X-CUBE-NFC4.3.0.0
2025-11-19 16:32:05,472 [WARN] PackLoader:240 - Cannot read IP mode file for EmbeddedOffice.I-CUBE-FS-RTOS.1.0.1
2025-11-19 16:32:05,476 [WARN] PackLoader:240 - Cannot read IP mode file for STMicroelectronics.X-CUBE-WB05N.2.0.0
2025-11-19 16:32:05,479 [WARN] PackLoader:240 - Cannot read IP mode file for wolfSSL.I-CUBE-wolfTPM.3.8.0
2025-11-19 16:32:05,482 [WARN] PackLoader:240 - Cannot read IP mode file for STMicroelectronics.X-CUBE-TCPP.4.2.0
2025-11-19 16:32:05,486 [WARN] PackLoader:240 - Cannot read IP mode file for STMicroelectronics.FP-ATR-SIGFOX1.3.2.0
2025-11-19 16:32:05,490 [WARN] PackLoader:240 - Cannot read IP mode file for STMicroelectronics.X-CUBE-EEPRMA1.5.1.0
2025-11-19 16:32:05,494 [WARN] PackLoader:240 - Cannot read IP mode file for ITTIA_DB.I-CUBE-ITTIADB.8.9.0
2025-11-19 16:32:05,498 [WARN] PackLoader:240 - Cannot read IP mode file for STMicroelectronics.X-CUBE-ST67W61.1.0.0
2025-11-19 16:32:05,501 [WARN] PackLoader:240 - Cannot read IP mode file for STMicroelectronics.X-CUBE-AI.10.2.0
2025-11-19 16:32:05,519 [WARN] PackLoader:240 - Cannot read IP mode file for SEGGER.I-CUBE-embOS.1.3.1
2025-11-19 16:32:05,556 [WARN] PackLoader:240 - Cannot read IP mode file for STMicroelectronics.X-CUBE-ALGOBUILD.1.4.0
2025-11-19 16:32:05,598 [WARN] PackLoader:240 - Cannot read IP mode file for STMicroelectronics.X-CUBE-MEMS1.11.3.0
2025-11-19 16:32:05,719 [WARN] PackLoader:240 - Cannot read IP mode file for STMicroelectronics.X-CUBE-PM33A1.1.0.0
2025-11-19 16:32:05,726 [WARN] PackLoader:240 - Cannot read IP mode file for STMicroelectronics.X-CUBE-AZRTOS-F4.1.1.0
2025-11-19 16:32:05,730 [WARN] PackLoader:240 - Cannot read IP mode file for Avnet-IotConnect.X-CUBE-IoTC-DA16k-PMOD.1.0.0
2025-11-19 16:32:05,732 [WARN] PackLoader:240 - Cannot read IP mode file for STMicroelectronics.X-CUBE-ISPU.2.1.0
2025-11-19 16:32:05,739 [WARN] PackLoader:240 - Cannot read IP mode file for STMicroelectronics.X-CUBE-IPS.3.2.0
2025-11-19 16:32:05,745 [WARN] PackLoader:240 - Cannot read IP mode file for STMicroelectronics.X-CUBE-NFC12.1.0.0
2025-11-19 16:32:05,754 [WARN] PackLoader:240 - Cannot read IP mode file for STMicroelectronics.X-CUBE-AZRTOS-L5.2.0.0
2025-11-19 16:32:05,758 [WARN] PackLoader:240 - Cannot read IP mode file for STMicroelectronics.X-CUBE-NFC6.3.1.0
2025-11-19 16:32:05,762 [WARN] PackLoader:240 - Cannot read IP mode file for STMicroelectronics.X-CUBE-FREERTOS.1.3.1
2025-11-19 16:32:05,764 [WARN] PackLoader:240 - Cannot read IP mode file for STMicroelectronics.X-CUBE-TOUCHGFX.4.26.0
2025-11-19 16:32:05,766 [WARN] PackLoader:240 - Cannot read IP mode file for STMicroelectronics.FP-SNS-STAIOTCFT.1.0.0
2025-11-19 16:32:05,769 [WARN] PackLoader:240 - Cannot read IP mode file for STMicroelectronics.X-CUBE-DPower.1.3.0
2025-11-19 16:32:05,780 [WARN] ConditionMgr:438 - getConditionDescription Invalid condition id : LAN8742 Phy interface Condition cause : null
2025-11-19 16:32:05,781 [WARN] PackLoader:240 - Cannot read IP mode file for STMicroelectronics.X-CUBE-AZRTOS-L4.2.0.0
2025-11-19 16:32:05,781 [WARN] ConditionMgr:1044 - genDependencies : Invalid condition id : LAN8742 Phy interface Condition cause : null
2025-11-19 16:32:05,781 [WARN] ConditionMgr:1044 - genDependencies : Invalid condition id : LAN8742 Phy interface Condition cause : null
2025-11-19 16:32:05,782 [WARN] ConditionMgr:1044 - genDependencies : Invalid condition id : LAN8742 Phy interface Condition cause : null
2025-11-19 16:32:05,786 [WARN] PackLoader:240 - Cannot read IP mode file for STMicroelectronics.X-CUBE-SFXS2LP1.4.0.0
2025-11-19 16:32:05,798 [WARN] PackLoader:240 - Cannot read IP mode file for STMicroelectronics.X-CUBE-AZRTOS-H7.3.3.0
2025-11-19 16:32:05,807 [WARN] PackLoader:240 - Cannot read IP mode file for STMicroelectronics.X-CUBE-BLEMGR.4.1.0
2025-11-19 16:32:05,816 [WARN] ConditionMgr:438 - getConditionDescription Invalid condition id : UX DEVICE CLASS RTOS Condition cause : null
2025-11-19 16:32:05,816 [WARN] ConditionMgr:438 - getConditionDescription Invalid condition id : UX DEVICE CLASS RTOS Condition cause : null
2025-11-19 16:32:05,818 [WARN] PackLoader:240 - Cannot read IP mode file for STMicroelectronics.X-CUBE-AZRTOS-WB.2.0.0
2025-11-19 16:32:05,818 [WARN] ConditionMgr:1044 - genDependencies : Invalid condition id : UX DEVICE CLASS RTOS Condition cause : null
2025-11-19 16:32:05,818 [WARN] ConditionMgr:1044 - genDependencies : Invalid condition id : UX DEVICE CLASS RTOS Condition cause : null
2025-11-19 16:32:05,818 [WARN] ConditionMgr:1044 - genDependencies : Invalid condition id : UX DEVICE CLASS RTOS Condition cause : null
2025-11-19 16:32:05,819 [WARN] ConditionMgr:1044 - genDependencies : Invalid condition id : UX DEVICE CLASS RTOS Condition cause : null
2025-11-19 16:32:05,819 [WARN] ConditionMgr:1044 - genDependencies : Invalid condition id : UX DEVICE CLASS RTOS Condition cause : null
2025-11-19 16:32:05,822 [WARN] PackLoader:240 - Cannot read IP mode file for STMicroelectronics.X-CUBE-GNSS1.7.0.1
2025-11-19 16:32:05,824 [WARN] PackLoader:240 - Cannot read IP mode file for STMicroelectronics.X-CUBE-TOUCHGFX.4.25.0
2025-11-19 16:32:05,828 [WARN] PackLoader:240 - Cannot read IP mode file for STMicroelectronics.FP-SNS-STBOX1.2.0.0
2025-11-19 16:32:05,835 [WARN] PackLoader:240 - Cannot read IP mode file for STMicroelectronics.X-CUBE-SUBG2.5.0.0
2025-11-19 16:32:05,848 [WARN] PackLoader:240 - Cannot read IP mode file for STMicroelectronics.X-CUBE-AZRTOS-H7RS.1.1.0
2025-11-19 16:32:05,852 [WARN] PackLoader:240 - Cannot read IP mode file for Cesanta.I-CUBE-Mongoose.7.13.0
2025-11-19 16:32:05,862 [WARN] PackLoader:240 - Cannot read IP mode file for STMicroelectronics.X-CUBE-AZRTOS-G4.2.0.0
2025-11-19 16:32:05,870 [WARN] PackLoader:240 - Cannot read IP mode file for wolfSSL.I-CUBE-wolfSSH.1.4.20
2025-11-19 16:32:05,872 [WARN] PackLoader:240 - Cannot read IP mode file for STMicroelectronics.X-CUBE-NFC7.2.0.0
2025-11-19 16:32:05,877 [WARN] PackLoader:240 - Cannot read IP mode file for STMicroelectronics.X-CUBE-IPS.3.1.0
2025-11-19 16:32:05,882 [WARN] PackLoader:240 - Cannot read IP mode file for STMicroelectronics.X-CUBE-ALS.1.0.2
2025-11-19 16:32:05,886 [WARN] PackLoader:240 - Cannot read IP mode file for STMicroelectronics.X-CUBE-STSE01.1.0.0
2025-11-19 16:32:05,890 [WARN] PackLoader:240 - Cannot read IP mode file for portGmbH.I-Cube-SoM-uGOAL.1.1.0
2025-11-19 16:32:05,895 [WARN] PackLoader:240 - Cannot read IP mode file for STMicroelectronics.X-CUBE-TOF1.3.4.3
2025-11-19 16:32:05,902 [INFO] ThirdParty:978 - Integrity check success = true
2025-11-19 16:32:05,902 [INFO] IntegrityCheckThread:100 - exiting critical section [integrity check]
2025-11-19 16:32:05,902 [INFO] IntegrityCheckThread:103 - End integrity checks thread
2025-11-19 16:32:33,611 [ERROR] LogOutputStream:75 - [STDERR_REDIRECT] 
